TN:
SF:src/services/book/book.service.ts
FN:65,(anonymous_4)
FN:88,(anonymous_5)
FN:236,(anonymous_6)
FN:326,(anonymous_7)
FN:327,(anonymous_8)
FN:397,(anonymous_9)
FN:408,(anonymous_10)
FN:424,(anonymous_11)
FN:445,(anonymous_12)
FN:464,(anonymous_13)
FN:66,(anonymous_14)
FN:68,(anonymous_15)
FN:70,(anonymous_16)
FN:72,(anonymous_17)
FN:74,(anonymous_18)
FN:76,(anonymous_19)
FN:78,(anonymous_20)
FNF:17
FNH:17
FNDA:31,(anonymous_4)
FNDA:21,(anonymous_5)
FNDA:12,(anonymous_6)
FNDA:27,(anonymous_7)
FNDA:9,(anonymous_8)
FNDA:13,(anonymous_9)
FNDA:26,(anonymous_10)
FNDA:2,(anonymous_11)
FNDA:11,(anonymous_12)
FNDA:8,(anonymous_13)
FNDA:31,(anonymous_14)
FNDA:31,(anonymous_15)
FNDA:31,(anonymous_16)
FNDA:31,(anonymous_17)
FNDA:31,(anonymous_18)
FNDA:31,(anonymous_19)
FNDA:31,(anonymous_20)
DA:1,16
DA:2,16
DA:3,16
DA:4,16
DA:5,16
DA:6,16
DA:7,16
DA:8,16
DA:11,16
DA:58,16
DA:64,16
DA:66,31
DA:67,31
DA:68,31
DA:69,31
DA:70,31
DA:71,31
DA:72,31
DA:73,31
DA:74,31
DA:75,31
DA:76,31
DA:77,31
DA:78,31
DA:79,31
DA:89,21
DA:92,21
DA:95,21
DA:99,21
DA:104,21
DA:108,21
DA:112,21
DA:114,21
DA:115,20
DA:119,20
DA:120,20
DA:124,19
DA:128,18
DA:132,17
DA:133,16
DA:135,15
DA:139,15
DA:140,14
DA:145,13
DA:147,12
DA:151,12
DA:152,11
DA:156,11
DA:173,11
DA:177,11
DA:179,1
DA:184,1
DA:189,1
DA:194,1
DA:197,1
DA:202,1
DA:207,1
DA:212,1
DA:217,1
DA:222,0
DA:225,1
DA:240,12
DA:243,12
DA:247,12
DA:252,12
DA:256,12
DA:260,12
DA:262,12
DA:266,11
DA:271,10
DA:276,9
DA:277,8
DA:279,7
DA:285,7
DA:286,6
DA:290,5
DA:295,4
DA:301,4
DA:302,3
DA:303,3
DA:304,3
DA:306,3
DA:307,1
DA:313,3
DA:325,3
DA:326,27
DA:328,9
DA:329,1
DA:330,8
DA:331,1
DA:333,7
DA:336,9
DA:339,3
DA:340,2
DA:346,1
DA:349,1
DA:354,1
DA:359,1
DA:364,1
DA:367,1
DA:372,1
DA:375,1
DA:380,1
DA:385,1
DA:398,13
DA:399,13
DA:409,26
DA:411,26
DA:412,25
DA:414,1
DA:425,2
DA:429,2
DA:430,2
DA:432,2
DA:433,1
DA:435,1
DA:446,11
DA:448,11
DA:449,1
DA:450,1
DA:453,11
DA:454,11
DA:469,8
DA:473,8
DA:474,7
DA:478,6
DA:482,6
DA:483,5
DA:484,5
DA:486,5
DA:490,5
DA:494,5
DA:497,5
DA:499,5
DA:512,5
DA:518,5
DA:520,1
DA:523,1
DA:526,1
LF:139
LH:138
BRDA:105,0,0,2
BRDA:105,0,1,19
BRDA:109,1,0,2
BRDA:109,1,1,19
BRDA:114,2,0,20
BRDA:114,2,1,1
BRDA:119,3,0,20
BRDA:119,3,1,0
BRDA:120,4,0,19
BRDA:120,4,1,1
BRDA:121,5,0,20
BRDA:121,5,1,19
BRDA:124,6,0,18
BRDA:124,6,1,1
BRDA:125,7,0,19
BRDA:125,7,1,18
BRDA:128,8,0,17
BRDA:128,8,1,1
BRDA:129,9,0,18
BRDA:129,9,1,17
BRDA:132,10,0,16
BRDA:132,10,1,1
BRDA:132,11,0,17
BRDA:132,11,1,15
BRDA:133,12,0,15
BRDA:133,12,1,1
BRDA:133,13,0,16
BRDA:133,13,1,14
BRDA:139,14,0,14
BRDA:139,14,1,1
BRDA:140,15,0,13
BRDA:140,15,1,1
BRDA:141,16,0,14
BRDA:141,16,1,12
BRDA:141,16,2,11
BRDA:145,17,0,12
BRDA:145,17,1,1
BRDA:145,18,0,13
BRDA:145,18,1,13
BRDA:151,19,0,11
BRDA:151,19,1,1
BRDA:253,20,0,2
BRDA:253,20,1,10
BRDA:257,21,0,2
BRDA:257,21,1,10
BRDA:262,22,0,11
BRDA:262,22,1,1
BRDA:263,23,0,12
BRDA:263,23,1,10
BRDA:263,23,2,9
BRDA:266,24,0,10
BRDA:266,24,1,1
BRDA:267,25,0,11
BRDA:267,25,1,9
BRDA:267,25,2,8
BRDA:271,26,0,9
BRDA:271,26,1,1
BRDA:272,27,0,10
BRDA:272,27,1,8
BRDA:272,27,2,7
BRDA:276,28,0,8
BRDA:276,28,1,1
BRDA:276,29,0,9
BRDA:276,29,1,7
BRDA:277,30,0,7
BRDA:277,30,1,1
BRDA:277,31,0,8
BRDA:277,31,1,6
BRDA:280,32,0,2
BRDA:280,32,1,5
BRDA:285,33,0,6
BRDA:285,33,1,1
BRDA:286,34,0,5
BRDA:286,34,1,1
BRDA:287,35,0,6
BRDA:287,35,1,4
BRDA:287,35,2,3
BRDA:290,36,0,4
BRDA:290,36,1,1
BRDA:291,37,0,5
BRDA:291,37,1,3
BRDA:291,37,2,3
BRDA:296,38,0,2
BRDA:296,38,1,2
BRDA:301,39,0,3
BRDA:301,39,1,1
BRDA:306,40,0,1
BRDA:306,40,1,2
BRDA:328,41,0,1
BRDA:328,41,1,8
BRDA:330,42,0,1
BRDA:330,42,1,7
BRDA:339,43,0,2
BRDA:339,43,1,1
BRDA:411,44,0,25
BRDA:411,44,1,1
BRDA:432,45,0,1
BRDA:432,45,1,1
BRDA:448,46,0,1
BRDA:448,46,1,10
BRDA:470,47,0,6
BRDA:470,47,1,2
BRDA:473,48,0,7
BRDA:473,48,1,1
BRDA:474,49,0,6
BRDA:474,49,1,1
BRDA:475,50,0,7
BRDA:475,50,1,2
BRDA:475,50,2,1
BRDA:482,51,0,5
BRDA:482,51,1,1
BRDA:483,52,0,1
BRDA:483,52,1,4
BRDA:483,53,0,5
BRDA:483,53,1,5
BRDA:487,54,0,4
BRDA:487,54,1,1
BRDA:491,55,0,4
BRDA:491,55,1,1
BRDA:495,56,0,4
BRDA:495,56,1,1
BRDA:513,57,0,1
BRDA:513,57,1,4
BRDA:513,58,0,5
BRDA:513,58,1,5
BRDA:514,59,0,1
BRDA:514,59,1,4
BRDA:514,60,0,5
BRDA:514,60,1,5
BRF:129
BRH:128
end_of_record
TN:
SF:src/services/book-condition/book-condition.service.ts
FN:16,(anonymous_4)
FN:27,(anonymous_5)
FN:41,(anonymous_6)
FN:57,(anonymous_7)
FN:75,(anonymous_8)
FN:17,(anonymous_9)
FNF:6
FNH:6
FNDA:31,(anonymous_4)
FNDA:16,(anonymous_5)
FNDA:2,(anonymous_6)
FNDA:2,(anonymous_7)
FNDA:1,(anonymous_8)
FNDA:31,(anonymous_9)
DA:1,16
DA:2,16
DA:4,16
DA:9,16
DA:15,16
DA:17,31
DA:18,31
DA:28,16
DA:32,16
DA:44,2
DA:48,2
DA:58,2
DA:63,2
DA:64,1
DA:66,1
DA:76,1
DA:80,1
LF:17
LH:17
BRDA:63,0,0,1
BRDA:63,0,1,1
BRF:2
BRH:2
end_of_record
TN:
SF:src/services/db/db.service.ts
FN:14,(anonymous_11)
FN:21,(anonymous_12)
FN:82,(anonymous_13)
FN:111,(anonymous_14)
FN:122,(anonymous_15)
FN:137,(anonymous_16)
FN:165,(anonymous_17)
FN:172,(anonymous_18)
FN:198,(anonymous_19)
FN:219,(anonymous_20)
FN:248,(anonymous_21)
FN:255,(anonymous_22)
FN:264,(anonymous_23)
FN:277,(anonymous_24)
FN:285,(anonymous_25)
FN:289,(anonymous_26)
FN:291,(anonymous_27)
FN:306,(anonymous_28)
FN:317,(anonymous_29)
FN:320,(anonymous_30)
FN:333,(anonymous_31)
FN:342,(anonymous_32)
FN:343,(anonymous_33)
FN:358,(anonymous_34)
FN:367,(anonymous_35)
FN:389,(anonymous_36)
FN:393,(anonymous_37)
FN:396,(anonymous_38)
FN:410,(anonymous_39)
FN:424,(anonymous_40)
FN:428,(anonymous_41)
FN:443,(anonymous_42)
FN:460,(anonymous_43)
FN:480,(anonymous_44)
FN:491,(anonymous_45)
FN:508,(anonymous_46)
FN:530,(anonymous_47)
FN:538,(anonymous_48)
FN:555,(anonymous_49)
FN:563,(anonymous_50)
FN:567,(anonymous_51)
FN:584,(anonymous_52)
FN:593,(anonymous_53)
FN:608,(anonymous_54)
FN:620,(anonymous_55)
FN:627,(anonymous_56)
FN:640,(anonymous_57)
FN:83,(anonymous_58)
FN:85,(anonymous_59)
FN:87,(anonymous_60)
FN:89,(anonymous_61)
FNF:51
FNH:31
FNDA:575,(anonymous_11)
FNDA:409,(anonymous_12)
FNDA:31,(anonymous_13)
FNDA:0,(anonymous_14)
FNDA:1391,(anonymous_15)
FNDA:1391,(anonymous_16)
FNDA:0,(anonymous_17)
FNDA:0,(anonymous_18)
FNDA:0,(anonymous_19)
FNDA:0,(anonymous_20)
FNDA:0,(anonymous_21)
FNDA:0,(anonymous_22)
FNDA:0,(anonymous_23)
FNDA:0,(anonymous_24)
FNDA:0,(anonymous_25)
FNDA:0,(anonymous_26)
FNDA:0,(anonymous_27)
FNDA:0,(anonymous_28)
FNDA:0,(anonymous_29)
FNDA:0,(anonymous_30)
FNDA:0,(anonymous_31)
FNDA:0,(anonymous_32)
FNDA:0,(anonymous_33)
FNDA:0,(anonymous_34)
FNDA:0,(anonymous_35)
FNDA:101,(anonymous_36)
FNDA:358,(anonymous_37)
FNDA:358,(anonymous_38)
FNDA:438,(anonymous_39)
FNDA:592,(anonymous_40)
FNDA:604,(anonymous_41)
FNDA:6,(anonymous_42)
FNDA:11,(anonymous_43)
FNDA:48,(anonymous_44)
FNDA:48,(anonymous_45)
FNDA:4,(anonymous_46)
FNDA:37,(anonymous_47)
FNDA:44,(anonymous_48)
FNDA:3,(anonymous_49)
FNDA:3,(anonymous_50)
FNDA:3,(anonymous_51)
FNDA:1,(anonymous_52)
FNDA:1,(anonymous_53)
FNDA:83,(anonymous_54)
FNDA:18,(anonymous_55)
FNDA:34,(anonymous_56)
FNDA:2,(anonymous_57)
FNDA:31,(anonymous_58)
FNDA:31,(anonymous_59)
FNDA:31,(anonymous_60)
FNDA:31,(anonymous_61)
DA:1,16
DA:2,16
DA:3,16
DA:4,16
DA:5,16
DA:6,16
DA:7,16
DA:8,16
DA:9,16
DA:14,16
DA:15,575
DA:21,409
DA:55,16
DA:57,31
DA:58,31
DA:59,31
DA:60,31
DA:63,31
DA:64,31
DA:83,31
DA:84,31
DA:85,31
DA:86,31
DA:87,31
DA:88,31
DA:89,31
DA:90,31
DA:92,31
DA:98,31
DA:99,0
DA:112,0
DA:113,0
DA:123,1391
DA:124,1391
DA:125,1802
DA:127,1391
DA:141,1391
DA:143,1391
DA:145,1391
DA:146,1391
DA:147,1391
DA:148,1391
DA:150,0
DA:151,0
DA:153,0
DA:154,0
DA:169,0
DA:170,0
DA:172,0
DA:174,0
DA:175,0
DA:176,0
DA:177,0
DA:179,0
DA:180,0
DA:182,0
DA:183,0
DA:187,0
DA:203,0
DA:204,0
DA:205,0
DA:206,0
DA:207,0
DA:208,0
DA:224,0
DA:226,0
DA:227,0
DA:228,0
DA:231,0
DA:232,0
DA:233,0
DA:234,0
DA:237,0
DA:253,0
DA:254,0
DA:255,0
DA:256,0
DA:258,0
DA:265,0
DA:266,0
DA:267,0
DA:281,0
DA:283,0
DA:284,0
DA:285,0
DA:287,0
DA:290,0
DA:291,0
DA:296,0
DA:297,0
DA:307,0
DA:309,0
DA:310,0
DA:313,0
DA:315,0
DA:316,0
DA:317,0
DA:319,0
DA:320,0
DA:323,0
DA:324,0
DA:325,0
DA:334,0
DA:335,0
DA:336,0
DA:343,0
DA:345,0
DA:346,0
DA:347,0
DA:348,0
DA:349,0
DA:352,0
DA:353,0
DA:357,0
DA:358,0
DA:359,0
DA:368,0
DA:374,0
DA:376,0
DA:377,0
DA:380,0
DA:390,101
DA:393,358
DA:396,358
DA:398,101
DA:400,101
DA:401,101
DA:411,438
DA:412,438
DA:414,438
DA:415,438
DA:425,592
DA:428,604
DA:430,592
DA:432,592
DA:433,592
DA:448,6
DA:450,6
DA:451,6
DA:464,11
DA:467,11
DA:469,11
DA:470,11
DA:485,48
DA:488,48
DA:491,48
DA:494,48
DA:496,48
DA:497,48
DA:514,4
DA:517,4
DA:519,4
DA:520,4
DA:535,37
DA:538,44
DA:542,37
DA:544,37
DA:545,37
DA:560,3
DA:563,3
DA:567,3
DA:570,3
DA:572,3
DA:573,3
DA:590,1
DA:593,1
DA:597,1
DA:599,1
DA:600,1
DA:609,83
DA:610,83
DA:612,83
DA:624,18
DA:627,34
DA:629,18
DA:631,18
DA:645,2
DA:647,2
LF:178
LH:96
BRDA:61,0,0,0
BRDA:61,0,1,31
BRDA:98,1,0,0
BRDA:98,1,1,31
BRDA:139,2,0,14
BRDA:150,3,0,0
BRDA:150,3,1,0
BRDA:167,4,0,0
BRDA:176,5,0,0
BRDA:176,5,1,0
BRDA:179,6,0,0
BRDA:179,6,1,0
BRDA:200,7,0,0
BRDA:201,8,0,0
BRDA:203,9,0,0
BRDA:203,9,1,0
BRDA:204,10,0,0
BRDA:204,10,1,0
BRDA:221,11,0,0
BRDA:222,12,0,0
BRDA:227,13,0,0
BRDA:227,13,1,0
BRDA:229,14,0,0
BRDA:229,14,1,0
BRDA:233,15,0,0
BRDA:233,15,1,0
BRDA:250,16,0,0
BRDA:251,17,0,0
BRDA:253,18,0,0
BRDA:253,18,1,0
BRDA:254,19,0,0
BRDA:254,19,1,0
BRDA:265,20,0,0
BRDA:265,20,1,0
BRDA:283,21,0,0
BRDA:283,21,1,0
BRDA:309,22,0,0
BRDA:309,22,1,0
BRDA:342,23,0,0
BRDA:345,24,0,0
BRDA:345,24,1,0
BRDA:345,25,0,0
BRDA:345,25,1,0
BRDA:345,26,0,0
BRDA:345,26,1,0
BRDA:352,27,0,0
BRDA:352,27,1,0
BRDA:352,28,0,0
BRDA:352,28,1,0
BRDA:352,29,0,0
BRDA:352,29,1,0
BRDA:446,30,0,0
BRDA:465,31,0,10
BRDA:465,31,1,1
BRDA:486,32,0,43
BRDA:486,32,1,5
BRDA:512,33,0,0
BRDA:515,34,0,4
BRDA:515,34,1,0
BRDA:588,35,0,0
BRDA:643,36,0,1
BRF:61
BRH:9
end_of_record
TN:
SF:src/services/department/department.service.ts
FN:16,(anonymous_4)
FN:27,(anonymous_5)
FN:41,(anonymous_6)
FN:57,(anonymous_7)
FN:75,(anonymous_8)
FN:17,(anonymous_9)
FNF:6
FNH:6
FNDA:31,(anonymous_4)
FNDA:32,(anonymous_5)
FNDA:2,(anonymous_6)
FNDA:2,(anonymous_7)
FNDA:1,(anonymous_8)
FNDA:31,(anonymous_9)
DA:1,16
DA:2,16
DA:4,16
DA:9,16
DA:15,16
DA:17,31
DA:18,31
DA:28,32
DA:32,32
DA:44,2
DA:48,2
DA:58,2
DA:63,2
DA:64,1
DA:66,1
DA:76,1
DA:80,1
LF:17
LH:17
BRDA:63,0,0,1
BRDA:63,0,1,1
BRF:2
BRH:2
end_of_record
TN:
SF:src/services/feedback/feedback.service.ts
FN:18,(anonymous_4)
FN:34,(anonymous_5)
FN:72,(anonymous_6)
FN:86,(anonymous_7)
FN:105,(anonymous_8)
FN:118,(anonymous_9)
FN:19,(anonymous_10)
FN:21,(anonymous_11)
FN:23,(anonymous_12)
FNF:9
FNH:9
FNDA:31,(anonymous_4)
FNDA:6,(anonymous_5)
FNDA:2,(anonymous_6)
FNDA:2,(anonymous_7)
FNDA:7,(anonymous_8)
FNDA:3,(anonymous_9)
FNDA:31,(anonymous_10)
FNDA:31,(anonymous_11)
FNDA:31,(anonymous_12)
DA:1,16
DA:2,16
DA:3,16
DA:4,16
DA:6,16
DA:11,16
DA:17,16
DA:19,31
DA:20,31
DA:21,31
DA:22,31
DA:23,31
DA:24,31
DA:38,6
DA:42,6
DA:44,6
DA:45,5
DA:47,5
DA:48,4
DA:49,3
DA:54,1
DA:59,1
DA:62,1
DA:73,2
DA:77,2
DA:87,2
DA:92,2
DA:93,1
DA:95,1
DA:108,7
DA:119,3
LF:31
LH:31
BRDA:44,0,0,5
BRDA:44,0,1,1
BRDA:47,1,0,4
BRDA:47,1,1,1
BRDA:48,2,0,3
BRDA:48,2,1,1
BRDA:48,3,0,4
BRDA:48,3,1,3
BRDA:92,4,0,1
BRDA:92,4,1,1
BRF:10
BRH:10
end_of_record
TN:
SF:src/services/image/image.service.ts
FN:18,(anonymous_4)
FN:31,(anonymous_5)
FN:53,(anonymous_6)
FN:67,(anonymous_7)
FN:87,(anonymous_8)
FN:117,(anonymous_9)
FN:129,(anonymous_10)
FN:134,(anonymous_11)
FN:135,(anonymous_12)
FN:141,(anonymous_13)
FN:156,(anonymous_14)
FN:161,(anonymous_15)
FN:162,(anonymous_16)
FN:169,(anonymous_17)
FN:176,(anonymous_18)
FN:193,(anonymous_19)
FN:226,(anonymous_20)
FN:19,(anonymous_21)
FN:21,(anonymous_22)
FNF:19
FNH:10
FNDA:31,(anonymous_4)
FNDA:15,(anonymous_5)
FNDA:6,(anonymous_6)
FNDA:9,(anonymous_7)
FNDA:5,(anonymous_8)
FNDA:14,(anonymous_9)
FNDA:0,(anonymous_10)
FNDA:0,(anonymous_11)
FNDA:0,(anonymous_12)
FNDA:0,(anonymous_13)
FNDA:0,(anonymous_14)
FNDA:0,(anonymous_15)
FNDA:0,(anonymous_16)
FNDA:0,(anonymous_17)
FNDA:0,(anonymous_18)
FNDA:20,(anonymous_19)
FNDA:20,(anonymous_20)
FNDA:31,(anonymous_21)
FNDA:31,(anonymous_22)
DA:1,16
DA:2,16
DA:3,16
DA:5,16
DA:6,16
DA:11,16
DA:17,16
DA:19,31
DA:20,31
DA:21,31
DA:22,31
DA:32,15
DA:34,15
DA:38,15
DA:39,14
DA:43,1
DA:54,6
DA:58,6
DA:68,9
DA:73,9
DA:74,5
DA:76,4
DA:91,5
DA:93,5
DA:97,5
DA:98,4
DA:100,4
DA:101,3
DA:105,1
DA:108,1
DA:118,14
DA:134,0
DA:135,0
DA:136,0
DA:137,0
DA:142,0
DA:161,0
DA:162,0
DA:163,0
DA:164,0
DA:165,0
DA:166,0
DA:170,0
DA:173,0
DA:177,0
DA:201,20
DA:202,20
DA:204,0
DA:206,0
DA:207,0
DA:209,0
DA:211,0
DA:212,0
DA:215,0
DA:227,20
DA:231,20
DA:232,20
DA:233,20
LF:58
LH:37
BRDA:38,0,0,14
BRDA:38,0,1,1
BRDA:73,1,0,5
BRDA:73,1,1,4
BRDA:97,2,0,4
BRDA:97,2,1,1
BRDA:100,3,0,3
BRDA:100,3,1,1
BRDA:132,4,0,0
BRDA:158,5,0,0
BRDA:159,6,0,0
BRDA:165,7,0,0
BRDA:165,7,1,0
BRDA:196,8,0,20
BRDA:197,9,0,20
BRDA:198,10,0,20
BRDA:199,11,0,20
BRDA:201,12,0,20
BRDA:201,12,1,0
BRDA:206,13,0,0
BRDA:206,13,1,0
BRF:21
BRH:13
end_of_record
TN:
SF:src/services/message/message.service.ts
FN:18,(anonymous_4)
FN:35,(anonymous_5)
FN:76,(anonymous_6)
FN:90,(anonymous_7)
FN:109,(anonymous_8)
FN:145,(anonymous_9)
FN:170,(anonymous_10)
FN:188,(anonymous_11)
FN:205,(anonymous_12)
FN:212,(anonymous_13)
FN:19,(anonymous_14)
FN:21,(anonymous_15)
FN:23,(anonymous_16)
FNF:13
FNH:13
FNDA:31,(anonymous_4)
FNDA:7,(anonymous_5)
FNDA:6,(anonymous_6)
FNDA:3,(anonymous_7)
FNDA:7,(anonymous_8)
FNDA:5,(anonymous_9)
FNDA:2,(anonymous_10)
FNDA:2,(anonymous_11)
FNDA:4,(anonymous_12)
FNDA:7,(anonymous_13)
FNDA:31,(anonymous_14)
FNDA:31,(anonymous_15)
FNDA:31,(anonymous_16)
DA:1,16
DA:2,16
DA:3,16
DA:4,16
DA:6,16
DA:11,16
DA:17,16
DA:19,31
DA:20,31
DA:21,31
DA:22,31
DA:23,31
DA:24,31
DA:41,7
DA:45,7
DA:46,7
DA:48,7
DA:49,5
DA:50,4
DA:58,4
DA:59,4
DA:61,1
DA:66,2
DA:77,6
DA:81,6
DA:91,3
DA:96,3
DA:97,2
DA:99,1
DA:110,7
DA:112,7
DA:113,6
DA:131,6
DA:132,6
DA:134,1
DA:149,5
DA:150,5
DA:152,5
DA:153,3
DA:160,2
DA:171,2
DA:173,2
DA:174,1
DA:178,1
DA:189,2
DA:191,2
DA:192,1
DA:196,1
DA:206,4
DA:216,7
DA:220,7
DA:221,7
DA:223,7
DA:224,5
DA:234,5
DA:235,5
DA:237,2
LF:57
LH:57
BRDA:48,0,0,5
BRDA:48,0,1,2
BRDA:48,1,0,7
BRDA:48,1,1,6
BRDA:49,2,0,4
BRDA:49,2,1,1
BRDA:49,3,0,5
BRDA:49,3,1,4
BRDA:96,4,0,2
BRDA:96,4,1,1
BRDA:112,5,0,6
BRDA:112,5,1,1
BRDA:152,6,0,3
BRDA:152,6,1,2
BRDA:152,7,0,5
BRDA:152,7,1,4
BRDA:173,8,0,1
BRDA:173,8,1,1
BRDA:191,9,0,1
BRDA:191,9,1,1
BRDA:223,10,0,5
BRDA:223,10,1,2
BRDA:223,11,0,7
BRDA:223,11,1,6
BRF:24
BRH:24
end_of_record
TN:
SF:src/services/password-reset/password-reset.service.ts
FN:19,(anonymous_4)
FN:34,(anonymous_5)
FN:59,(anonymous_6)
FN:73,(anonymous_7)
FN:87,(anonymous_8)
FN:108,(anonymous_9)
FN:130,(anonymous_10)
FN:143,(anonymous_11)
FN:167,(anonymous_12)
FN:177,(anonymous_13)
FN:215,(anonymous_14)
FN:20,(anonymous_15)
FN:22,(anonymous_16)
FN:24,(anonymous_17)
FNF:14
FNH:14
FNDA:31,(anonymous_4)
FNDA:5,(anonymous_5)
FNDA:5,(anonymous_6)
FNDA:5,(anonymous_7)
FNDA:3,(anonymous_8)
FNDA:4,(anonymous_9)
FNDA:1,(anonymous_10)
FNDA:3,(anonymous_11)
FNDA:4,(anonymous_12)
FNDA:3,(anonymous_13)
FNDA:1,(anonymous_14)
FNDA:31,(anonymous_15)
FNDA:31,(anonymous_16)
FNDA:31,(anonymous_17)
DA:1,16
DA:2,16
DA:3,16
DA:4,16
DA:7,16
DA:12,16
DA:18,16
DA:20,31
DA:21,31
DA:22,31
DA:23,31
DA:24,31
DA:25,31
DA:35,5
DA:37,5
DA:38,4
DA:42,4
DA:43,3
DA:47,1
DA:50,1
DA:60,5
DA:64,5
DA:74,5
DA:78,5
DA:90,3
DA:95,3
DA:96,2
DA:98,1
DA:111,4
DA:116,4
DA:117,3
DA:119,1
DA:131,1
DA:146,3
DA:150,3
DA:151,3
DA:153,3
DA:154,2
DA:156,1
DA:168,4
DA:182,3
DA:186,3
DA:190,3
DA:194,2
DA:198,2
DA:199,1
DA:200,1
DA:201,1
DA:203,1
DA:206,1
DA:216,1
DA:220,1
DA:221,1
LF:53
LH:53
BRDA:37,0,0,4
BRDA:37,0,1,1
BRDA:42,1,0,3
BRDA:42,1,1,1
BRDA:95,2,0,2
BRDA:95,2,1,1
BRDA:116,3,0,3
BRDA:116,3,1,1
BRDA:153,4,0,2
BRDA:153,4,1,1
BRDA:190,5,0,2
BRDA:190,5,1,1
BRDA:191,6,0,3
BRDA:191,6,1,2
BRDA:198,7,0,1
BRDA:198,7,1,1
BRF:16
BRH:16
end_of_record
TN:
SF:src/services/referral/referral.service.ts
FN:18,(anonymous_4)
FN:34,(anonymous_5)
FN:63,(anonymous_6)
FN:81,(anonymous_7)
FN:101,(anonymous_8)
FN:123,(anonymous_9)
FN:138,(anonymous_10)
FN:19,(anonymous_11)
FN:21,(anonymous_12)
FN:23,(anonymous_13)
FNF:10
FNH:10
FNDA:31,(anonymous_4)
FNDA:6,(anonymous_5)
FNDA:12,(anonymous_6)
FNDA:14,(anonymous_7)
FNDA:4,(anonymous_8)
FNDA:2,(anonymous_9)
FNDA:1,(anonymous_10)
FNDA:31,(anonymous_11)
FNDA:31,(anonymous_12)
FNDA:31,(anonymous_13)
DA:1,16
DA:2,16
DA:3,16
DA:4,16
DA:6,16
DA:11,16
DA:17,16
DA:19,31
DA:20,31
DA:21,31
DA:22,31
DA:23,31
DA:24,31
DA:38,6
DA:39,6
DA:41,6
DA:42,5
DA:44,5
DA:45,4
DA:50,1
DA:53,1
DA:64,12
DA:66,12
DA:67,11
DA:71,1
DA:82,14
DA:84,14
DA:85,13
DA:91,1
DA:102,4
DA:106,4
DA:108,4
DA:109,3
DA:111,3
DA:113,1
DA:127,2
DA:139,1
LF:37
LH:37
BRDA:41,0,0,5
BRDA:41,0,1,1
BRDA:41,1,0,6
BRDA:41,1,1,5
BRDA:44,2,0,4
BRDA:44,2,1,1
BRDA:66,3,0,11
BRDA:66,3,1,1
BRDA:84,4,0,13
BRDA:84,4,1,1
BRDA:108,5,0,3
BRDA:108,5,1,1
BRF:12
BRH:12
end_of_record
TN:
SF:src/services/report/report.service.ts
FN:19,(anonymous_4)
FN:38,(anonymous_5)
FN:79,(anonymous_6)
FN:93,(anonymous_7)
FN:111,(anonymous_8)
FN:125,(anonymous_9)
FN:143,(anonymous_10)
FN:165,(anonymous_11)
FN:184,(anonymous_12)
FN:200,(anonymous_13)
FN:215,(anonymous_14)
FN:224,(anonymous_15)
FN:20,(anonymous_16)
FN:22,(anonymous_17)
FN:24,(anonymous_18)
FN:26,(anonymous_19)
FNF:16
FNH:16
FNDA:31,(anonymous_4)
FNDA:6,(anonymous_5)
FNDA:2,(anonymous_6)
FNDA:3,(anonymous_7)
FNDA:3,(anonymous_8)
FNDA:3,(anonymous_9)
FNDA:2,(anonymous_10)
FNDA:3,(anonymous_11)
FNDA:4,(anonymous_12)
FNDA:3,(anonymous_13)
FNDA:2,(anonymous_14)
FNDA:1,(anonymous_15)
FNDA:31,(anonymous_16)
FNDA:31,(anonymous_17)
FNDA:31,(anonymous_18)
FNDA:31,(anonymous_19)
DA:1,16
DA:2,16
DA:3,16
DA:4,16
DA:5,16
DA:7,16
DA:12,16
DA:18,16
DA:20,31
DA:21,31
DA:22,31
DA:23,31
DA:24,31
DA:25,31
DA:26,31
DA:27,31
DA:44,6
DA:48,6
DA:50,6
DA:51,5
DA:53,5
DA:54,4
DA:55,3
DA:61,1
DA:66,1
DA:69,1
DA:80,2
DA:84,2
DA:94,3
DA:99,3
DA:100,2
DA:102,1
DA:112,3
DA:129,3
DA:133,3
DA:147,2
DA:152,2
DA:153,1
DA:155,1
DA:166,3
DA:170,3
DA:175,3
DA:185,4
DA:187,4
DA:188,3
DA:190,1
DA:201,3
DA:203,3
DA:204,2
DA:206,1
DA:216,2
DA:225,1
DA:227,1
LF:53
LH:53
BRDA:50,0,0,5
BRDA:50,0,1,1
BRDA:53,1,0,4
BRDA:53,1,1,1
BRDA:54,2,0,3
BRDA:54,2,1,1
BRDA:54,3,0,4
BRDA:54,3,1,3
BRDA:99,4,0,2
BRDA:99,4,1,1
BRDA:152,5,0,1
BRDA:152,5,1,1
BRDA:187,6,0,3
BRDA:187,6,1,1
BRDA:203,7,0,2
BRDA:203,7,1,1
BRF:16
BRH:16
end_of_record
TN:
SF:src/services/resource/resource.service.ts
FN:16,(anonymous_4)
FN:27,(anonymous_5)
FN:40,(anonymous_6)
FN:87,(anonymous_7)
FN:145,(anonymous_8)
FN:152,(anonymous_9)
FN:17,(anonymous_10)
FNF:7
FNH:7
FNDA:31,(anonymous_4)
FNDA:2,(anonymous_5)
FNDA:479,(anonymous_6)
FNDA:5,(anonymous_7)
FNDA:1,(anonymous_8)
FNDA:22,(anonymous_9)
FNDA:31,(anonymous_10)
DA:1,16
DA:2,16
DA:4,16
DA:9,16
DA:15,16
DA:17,31
DA:18,31
DA:28,2
DA:31,2
DA:43,479
DA:48,479
DA:49,478
DA:51,0
DA:53,0
DA:55,0
DA:57,0
DA:61,478
DA:63,478
DA:64,478
DA:66,0
DA:70,0
DA:73,0
DA:76,1
DA:91,5
DA:96,5
DA:97,4
DA:99,0
DA:104,0
DA:108,4
DA:110,4
DA:111,2
DA:115,2
DA:121,2
DA:123,0
DA:128,2
DA:133,0
DA:136,1
DA:148,1
DA:152,1
DA:153,22
DA:155,0
DA:156,0
DA:158,22
DA:159,22
DA:161,0
DA:162,0
DA:165,22
LF:47
LH:32
BRDA:48,0,0,478
BRDA:48,0,1,1
BRDA:50,1,0,0
BRDA:50,1,1,478
BRDA:50,1,2,0
BRDA:50,1,3,0
BRDA:52,2,0,0
BRDA:52,2,1,0
BRDA:52,2,2,0
BRDA:63,3,0,478
BRDA:63,3,1,0
BRDA:96,4,0,4
BRDA:96,4,1,1
BRDA:98,5,0,0
BRDA:98,5,1,4
BRDA:99,6,0,0
BRDA:99,6,1,0
BRDA:100,7,0,0
BRDA:100,7,1,0
BRDA:100,7,2,0
BRDA:110,8,0,2
BRDA:110,8,1,2
BRDA:110,9,0,4
BRDA:110,9,1,2
BRDA:122,10,0,0
BRDA:122,10,1,2
BRDA:122,10,2,0
BRDA:125,11,0,0
BRDA:125,11,1,0
BRDA:154,12,0,0
BRDA:154,12,1,22
BRDA:154,12,2,0
BRDA:155,13,0,0
BRDA:155,13,1,0
BRF:34
BRH:13
end_of_record
TN:
SF:src/services/search-sort/search-sort.service.ts
FN:16,(anonymous_4)
FN:27,(anonymous_5)
FN:41,(anonymous_6)
FN:57,(anonymous_7)
FN:17,(anonymous_8)
FNF:5
FNH:5
FNDA:31,(anonymous_4)
FNDA:8,(anonymous_5)
FNDA:7,(anonymous_6)
FNDA:1,(anonymous_7)
FNDA:31,(anonymous_8)
DA:1,16
DA:2,16
DA:4,16
DA:9,16
DA:15,16
DA:17,31
DA:18,31
DA:28,8
DA:32,8
DA:42,7
DA:47,7
DA:48,6
DA:50,1
DA:58,1
LF:14
LH:14
BRDA:47,0,0,6
BRDA:47,0,1,1
BRF:2
BRH:2
end_of_record
TN:
SF:src/services/session/session.service.ts
FN:19,(anonymous_4)
FN:34,(anonymous_5)
FN:54,(anonymous_6)
FN:68,(anonymous_7)
FN:87,(anonymous_8)
FN:108,(anonymous_9)
FN:127,(anonymous_10)
FN:136,(anonymous_11)
FN:145,(anonymous_12)
FN:20,(anonymous_13)
FN:22,(anonymous_14)
FN:24,(anonymous_15)
FNF:12
FNH:12
FNDA:31,(anonymous_4)
FNDA:5,(anonymous_5)
FNDA:2,(anonymous_6)
FNDA:2,(anonymous_7)
FNDA:2,(anonymous_8)
FNDA:3,(anonymous_9)
FNDA:1,(anonymous_10)
FNDA:1,(anonymous_11)
FNDA:5,(anonymous_12)
FNDA:31,(anonymous_13)
FNDA:31,(anonymous_14)
FNDA:31,(anonymous_15)
DA:1,16
DA:2,16
DA:3,16
DA:4,16
DA:7,16
DA:12,16
DA:18,16
DA:20,31
DA:21,31
DA:22,31
DA:23,31
DA:24,31
DA:25,31
DA:35,5
DA:37,5
DA:38,4
DA:41,4
DA:42,4
DA:44,1
DA:55,2
DA:59,2
DA:69,2
DA:74,2
DA:75,1
DA:77,1
DA:88,2
DA:92,2
DA:93,2
DA:95,2
DA:96,1
DA:98,1
DA:109,3
DA:111,3
DA:112,2
DA:118,1
DA:128,1
DA:137,1
DA:146,5
DA:148,5
DA:149,4
DA:153,4
DA:163,4
DA:164,4
DA:166,1
LF:44
LH:44
BRDA:37,0,0,4
BRDA:37,0,1,1
BRDA:74,1,0,1
BRDA:74,1,1,1
BRDA:95,2,0,1
BRDA:95,2,1,1
BRDA:111,3,0,2
BRDA:111,3,1,1
BRDA:148,4,0,4
BRDA:148,4,1,1
BRF:10
BRH:10
end_of_record
TN:
SF:src/services/user/user.service.ts
FN:24,(anonymous_4)
FN:44,(anonymous_5)
FN:120,(anonymous_6)
FN:130,(anonymous_7)
FN:143,(anonymous_8)
FN:159,(anonymous_9)
FN:177,(anonymous_10)
FN:198,(anonymous_11)
FN:240,(anonymous_12)
FN:259,(anonymous_13)
FN:284,(anonymous_14)
FN:305,(anonymous_15)
FN:320,(anonymous_16)
FN:335,(anonymous_17)
FN:349,(anonymous_18)
FN:380,(anonymous_19)
FN:410,(anonymous_20)
FN:418,(anonymous_21)
FN:434,(anonymous_22)
FN:449,(anonymous_23)
FN:25,(anonymous_24)
FN:27,(anonymous_25)
FN:29,(anonymous_26)
FN:31,(anonymous_27)
FNF:24
FNH:24
FNDA:31,(anonymous_4)
FNDA:44,(anonymous_5)
FNDA:197,(anonymous_6)
FNDA:47,(anonymous_7)
FNDA:76,(anonymous_8)
FNDA:7,(anonymous_9)
FNDA:24,(anonymous_10)
FNDA:4,(anonymous_11)
FNDA:7,(anonymous_12)
FNDA:2,(anonymous_13)
FNDA:40,(anonymous_14)
FNDA:13,(anonymous_15)
FNDA:3,(anonymous_16)
FNDA:3,(anonymous_17)
FNDA:8,(anonymous_18)
FNDA:6,(anonymous_19)
FNDA:39,(anonymous_20)
FNDA:1,(anonymous_21)
FNDA:41,(anonymous_22)
FNDA:5,(anonymous_23)
FNDA:31,(anonymous_24)
FNDA:31,(anonymous_25)
FNDA:31,(anonymous_26)
FNDA:31,(anonymous_27)
DA:1,16
DA:2,16
DA:3,16
DA:4,16
DA:5,16
DA:6,16
DA:7,16
DA:11,16
DA:12,16
DA:17,16
DA:23,16
DA:25,31
DA:26,31
DA:27,31
DA:28,31
DA:29,31
DA:30,31
DA:31,31
DA:32,31
DA:50,44
DA:53,44
DA:56,44
DA:60,44
DA:64,44
DA:68,44
DA:69,43
DA:70,42
DA:74,41
DA:78,40
DA:80,40
DA:81,39
DA:83,39
DA:90,1
DA:93,1
DA:98,1
DA:103,1
DA:108,1
DA:121,197
DA:122,197
DA:131,47
DA:134,47
DA:144,76
DA:146,76
DA:147,72
DA:149,4
DA:160,7
DA:164,7
DA:165,6
DA:167,1
DA:178,24
DA:180,24
DA:181,23
DA:187,1
DA:203,4
DA:207,4
DA:211,4
DA:215,3
DA:217,3
DA:218,2
DA:220,2
DA:224,1
DA:227,1
DA:241,7
DA:243,7
DA:244,6
DA:248,1
DA:263,2
DA:265,2
DA:266,1
DA:268,1
DA:270,1
DA:272,1
DA:285,40
DA:287,40
DA:288,1
DA:290,1
DA:294,39
DA:306,13
DA:308,13
DA:321,3
DA:323,3
DA:336,3
DA:338,3
DA:350,8
DA:369,8
DA:370,8
DA:381,6
DA:383,6
DA:384,5
DA:385,5
DA:390,5
DA:391,2
DA:392,2
DA:393,2
DA:395,2
DA:396,2
DA:398,3
DA:401,1
DA:411,39
DA:412,39
DA:419,1
DA:423,1
DA:424,1
DA:435,41
DA:439,41
DA:453,5
LF:106
LH:106
BRDA:68,0,0,43
BRDA:68,0,1,1
BRDA:68,1,0,44
BRDA:68,1,1,43
BRDA:69,2,0,42
BRDA:69,2,1,1
BRDA:69,3,0,43
BRDA:69,3,1,42
BRDA:70,4,0,41
BRDA:70,4,1,1
BRDA:71,5,0,42
BRDA:71,5,1,41
BRDA:74,6,0,40
BRDA:74,6,1,1
BRDA:75,7,0,41
BRDA:75,7,1,40
BRDA:80,8,0,39
BRDA:80,8,1,1
BRDA:146,9,0,72
BRDA:146,9,1,4
BRDA:164,10,0,6
BRDA:164,10,1,1
BRDA:180,11,0,23
BRDA:180,11,1,1
BRDA:211,12,0,3
BRDA:211,12,1,1
BRDA:212,13,0,4
BRDA:212,13,1,3
BRDA:217,14,0,2
BRDA:217,14,1,1
BRDA:240,15,0,7
BRDA:243,16,0,6
BRDA:243,16,1,1
BRDA:265,17,0,1
BRDA:265,17,1,1
BRDA:287,18,0,1
BRDA:287,18,1,39
BRDA:305,19,0,12
BRDA:320,20,0,2
BRDA:383,21,0,5
BRDA:383,21,1,1
BRDA:390,22,0,2
BRDA:390,22,1,3
BRDA:390,23,0,5
BRDA:390,23,1,3
BRF:45
BRH:45
end_of_record
TN:
SF:src/services/user-interest/user-interest.service.ts
FN:18,(anonymous_4)
FN:34,(anonymous_5)
FN:67,(anonymous_6)
FN:84,(anonymous_7)
FN:98,(anonymous_8)
FN:19,(anonymous_9)
FN:21,(anonymous_10)
FN:23,(anonymous_11)
FNF:8
FNH:8
FNDA:31,(anonymous_4)
FNDA:9,(anonymous_5)
FNDA:3,(anonymous_6)
FNDA:4,(anonymous_7)
FNDA:13,(anonymous_8)
FNDA:31,(anonymous_9)
FNDA:31,(anonymous_10)
FNDA:31,(anonymous_11)
DA:1,16
DA:2,16
DA:3,16
DA:4,16
DA:6,16
DA:11,16
DA:17,16
DA:19,31
DA:20,31
DA:21,31
DA:22,31
DA:23,31
DA:24,31
DA:38,9
DA:40,9
DA:41,8
DA:45,8
DA:46,7
DA:48,7
DA:53,1
DA:56,1
DA:71,3
DA:75,3
DA:85,4
DA:102,13
LF:25
LH:25
BRDA:40,0,0,8
BRDA:40,0,1,1
BRDA:45,1,0,7
BRDA:45,1,1,1
BRF:4
BRH:4
end_of_record
TN:
SF:src/services/verify/verify.service.ts
FN:19,(anonymous_4)
FN:34,(anonymous_5)
FN:56,(anonymous_6)
FN:70,(anonymous_7)
FN:84,(anonymous_8)
FN:103,(anonymous_9)
FN:123,(anonymous_10)
FN:136,(anonymous_11)
FN:156,(anonymous_12)
FN:165,(anonymous_13)
FN:189,(anonymous_14)
FN:204,(anonymous_15)
FN:20,(anonymous_16)
FN:22,(anonymous_17)
FN:24,(anonymous_18)
FNF:15
FNH:15
FNDA:31,(anonymous_4)
FNDA:5,(anonymous_5)
FNDA:7,(anonymous_6)
FNDA:5,(anonymous_7)
FNDA:4,(anonymous_8)
FNDA:4,(anonymous_9)
FNDA:1,(anonymous_10)
FNDA:4,(anonymous_11)
FNDA:4,(anonymous_12)
FNDA:2,(anonymous_13)
FNDA:2,(anonymous_14)
FNDA:1,(anonymous_15)
FNDA:31,(anonymous_16)
FNDA:31,(anonymous_17)
FNDA:31,(anonymous_18)
DA:1,16
DA:2,16
DA:3,16
DA:4,16
DA:7,16
DA:12,16
DA:18,16
DA:20,31
DA:21,31
DA:22,31
DA:23,31
DA:24,31
DA:25,31
DA:35,5
DA:37,5
DA:38,4
DA:40,4
DA:41,3
DA:43,1
DA:46,1
DA:57,7
DA:61,7
DA:71,5
DA:75,5
DA:85,4
DA:90,4
DA:91,3
DA:93,1
DA:104,4
DA:109,4
DA:110,3
DA:112,1
DA:124,1
DA:137,4
DA:141,4
DA:142,4
DA:144,4
DA:145,3
DA:147,1
DA:157,4
DA:166,2
DA:168,2
DA:169,1
DA:170,1
DA:172,1
DA:173,1
DA:175,1
DA:176,1
DA:180,1
DA:190,2
DA:192,2
DA:193,1
DA:194,1
DA:195,1
DA:197,1
DA:205,1
DA:209,1
DA:210,1
LF:58
LH:58
BRDA:37,0,0,4
BRDA:37,0,1,1
BRDA:40,1,0,3
BRDA:40,1,1,1
BRDA:90,2,0,3
BRDA:90,2,1,1
BRDA:109,3,0,3
BRDA:109,3,1,1
BRDA:144,4,0,3
BRDA:144,4,1,1
BRDA:168,5,0,1
BRDA:168,5,1,1
BRDA:172,6,0,1
BRDA:172,6,1,0
BRDA:175,7,0,1
BRDA:175,7,1,0
BRDA:192,8,0,1
BRDA:192,8,1,1
BRF:18
BRH:16
end_of_record
