TN:
SF:src/services/book/book.service.ts
FN:70,(anonymous_4)
FN:93,(anonymous_5)
FN:247,(anonymous_6)
FN:354,(anonymous_7)
FN:355,(anonymous_8)
FN:427,(anonymous_9)
FN:438,(anonymous_10)
FN:454,(anonymous_11)
FN:475,(anonymous_12)
FN:494,(anonymous_13)
FN:71,(anonymous_14)
FN:73,(anonymous_15)
FN:75,(anonymous_16)
FN:77,(anonymous_17)
FN:79,(anonymous_18)
FN:81,(anonymous_19)
FN:83,(anonymous_20)
FNF:17
FNH:17
FNDA:31,(anonymous_4)
FNDA:21,(anonymous_5)
FNDA:12,(anonymous_6)
FNDA:27,(anonymous_7)
FNDA:9,(anonymous_8)
FNDA:13,(anonymous_9)
FNDA:26,(anonymous_10)
FNDA:2,(anonymous_11)
FNDA:11,(anonymous_12)
FNDA:8,(anonymous_13)
FNDA:31,(anonymous_14)
FNDA:31,(anonymous_15)
FNDA:31,(anonymous_16)
FNDA:31,(anonymous_17)
FNDA:31,(anonymous_18)
FNDA:31,(anonymous_19)
FNDA:31,(anonymous_20)
DA:6,16
DA:7,16
DA:8,16
DA:9,16
DA:10,16
DA:11,16
DA:12,16
DA:13,16
DA:16,16
DA:63,16
DA:69,16
DA:71,31
DA:72,31
DA:73,31
DA:74,31
DA:75,31
DA:76,31
DA:77,31
DA:78,31
DA:79,31
DA:80,31
DA:81,31
DA:82,31
DA:83,31
DA:84,31
DA:94,21
DA:97,21
DA:100,21
DA:104,21
DA:108,21
DA:111,21
DA:114,21
DA:115,21
DA:117,21
DA:119,21
DA:120,20
DA:124,20
DA:125,20
DA:129,19
DA:133,18
DA:137,17
DA:141,16
DA:146,15
DA:150,15
DA:151,14
DA:156,13
DA:158,12
DA:162,12
DA:163,11
DA:167,11
DA:184,11
DA:188,11
DA:190,1
DA:195,1
DA:200,1
DA:205,1
DA:208,1
DA:213,1
DA:218,1
DA:223,1
DA:228,1
DA:233,0
DA:236,1
DA:251,12
DA:254,12
DA:258,12
DA:263,12
DA:267,12
DA:271,12
DA:275,12
DA:279,12
DA:281,12
DA:285,11
DA:290,10
DA:295,9
DA:300,8
DA:306,7
DA:312,7
DA:313,6
DA:318,5
DA:323,4
DA:329,4
DA:330,3
DA:331,3
DA:332,3
DA:334,3
DA:335,1
DA:341,3
DA:353,3
DA:354,27
DA:356,9
DA:357,1
DA:358,8
DA:359,1
DA:361,7
DA:364,9
DA:367,3
DA:368,2
DA:374,1
DA:377,1
DA:382,1
DA:387,1
DA:392,1
DA:395,1
DA:400,1
DA:405,1
DA:410,1
DA:415,1
DA:428,13
DA:429,13
DA:439,26
DA:441,26
DA:442,25
DA:444,1
DA:455,2
DA:459,2
DA:460,2
DA:462,2
DA:463,1
DA:465,1
DA:476,11
DA:478,11
DA:479,1
DA:480,1
DA:483,11
DA:484,11
DA:499,8
DA:503,8
DA:504,7
DA:508,6
DA:512,6
DA:513,5
DA:514,5
DA:516,5
DA:520,5
DA:524,5
DA:527,5
DA:529,5
DA:542,5
DA:548,5
DA:550,1
DA:553,1
DA:556,1
LF:143
LH:142
BRDA:109,0,0,2
BRDA:109,0,1,19
BRDA:112,1,0,2
BRDA:112,1,1,19
BRDA:114,2,0,2
BRDA:114,2,1,19
BRDA:115,3,0,2
BRDA:115,3,1,19
BRDA:119,4,0,20
BRDA:119,4,1,1
BRDA:124,5,0,20
BRDA:124,5,1,0
BRDA:125,6,0,19
BRDA:125,6,1,1
BRDA:126,7,0,20
BRDA:126,7,1,19
BRDA:129,8,0,18
BRDA:129,8,1,1
BRDA:130,9,0,19
BRDA:130,9,1,18
BRDA:133,10,0,17
BRDA:133,10,1,1
BRDA:134,11,0,18
BRDA:134,11,1,17
BRDA:137,12,0,16
BRDA:137,12,1,1
BRDA:138,13,0,17
BRDA:138,13,1,15
BRDA:138,13,2,14
BRDA:141,14,0,15
BRDA:141,14,1,1
BRDA:142,15,0,16
BRDA:142,15,1,14
BRDA:142,15,2,13
BRDA:150,16,0,14
BRDA:150,16,1,1
BRDA:151,17,0,13
BRDA:151,17,1,1
BRDA:152,18,0,14
BRDA:152,18,1,12
BRDA:152,18,2,11
BRDA:156,19,0,12
BRDA:156,19,1,1
BRDA:156,20,0,13
BRDA:156,20,1,13
BRDA:162,21,0,11
BRDA:162,21,1,1
BRDA:264,22,0,2
BRDA:264,22,1,10
BRDA:263,23,0,12
BRDA:263,23,1,10
BRDA:268,24,0,2
BRDA:268,24,1,10
BRDA:267,25,0,12
BRDA:267,25,1,10
BRDA:272,26,0,2
BRDA:272,26,1,10
BRDA:271,27,0,12
BRDA:271,27,1,10
BRDA:276,28,0,2
BRDA:276,28,1,10
BRDA:275,29,0,12
BRDA:275,29,1,10
BRDA:281,30,0,11
BRDA:281,30,1,1
BRDA:282,31,0,12
BRDA:282,31,1,10
BRDA:282,31,2,9
BRDA:285,32,0,10
BRDA:285,32,1,1
BRDA:286,33,0,11
BRDA:286,33,1,9
BRDA:286,33,2,8
BRDA:290,34,0,9
BRDA:290,34,1,1
BRDA:291,35,0,10
BRDA:291,35,1,8
BRDA:291,35,2,7
BRDA:295,36,0,8
BRDA:295,36,1,1
BRDA:296,37,0,9
BRDA:296,37,1,7
BRDA:296,37,2,7
BRDA:296,37,3,6
BRDA:300,38,0,7
BRDA:300,38,1,1
BRDA:301,39,0,8
BRDA:301,39,1,6
BRDA:301,39,2,6
BRDA:301,39,3,5
BRDA:307,40,0,2
BRDA:307,40,1,5
BRDA:312,41,0,6
BRDA:312,41,1,1
BRDA:313,42,0,5
BRDA:313,42,1,1
BRDA:314,43,0,6
BRDA:314,43,1,4
BRDA:314,43,2,4
BRDA:314,43,3,3
BRDA:318,44,0,4
BRDA:318,44,1,1
BRDA:319,45,0,5
BRDA:319,45,1,3
BRDA:319,45,2,3
BRDA:324,46,0,2
BRDA:324,46,1,2
BRDA:329,47,0,3
BRDA:329,47,1,1
BRDA:334,48,0,1
BRDA:334,48,1,2
BRDA:356,49,0,1
BRDA:356,49,1,8
BRDA:358,50,0,1
BRDA:358,50,1,7
BRDA:367,51,0,2
BRDA:367,51,1,1
BRDA:441,52,0,25
BRDA:441,52,1,1
BRDA:462,53,0,1
BRDA:462,53,1,1
BRDA:478,54,0,1
BRDA:478,54,1,10
BRDA:500,55,0,6
BRDA:500,55,1,2
BRDA:503,56,0,7
BRDA:503,56,1,1
BRDA:504,57,0,6
BRDA:504,57,1,1
BRDA:505,58,0,7
BRDA:505,58,1,2
BRDA:505,58,2,1
BRDA:512,59,0,5
BRDA:512,59,1,1
BRDA:513,60,0,1
BRDA:513,60,1,4
BRDA:513,61,0,5
BRDA:513,61,1,5
BRDA:517,62,0,4
BRDA:517,62,1,1
BRDA:521,63,0,4
BRDA:521,63,1,1
BRDA:525,64,0,4
BRDA:525,64,1,1
BRDA:543,65,0,1
BRDA:543,65,1,4
BRDA:543,66,0,5
BRDA:543,66,1,5
BRDA:544,67,0,1
BRDA:544,67,1,4
BRDA:544,68,0,5
BRDA:544,68,1,5
BRF:152
BRH:151
end_of_record
TN:
SF:src/services/book-condition/book-condition.service.ts
FN:21,(anonymous_4)
FN:32,(anonymous_5)
FN:46,(anonymous_6)
FN:62,(anonymous_7)
FN:80,(anonymous_8)
FN:22,(anonymous_9)
FNF:6
FNH:6
FNDA:31,(anonymous_4)
FNDA:16,(anonymous_5)
FNDA:2,(anonymous_6)
FNDA:2,(anonymous_7)
FNDA:1,(anonymous_8)
FNDA:31,(anonymous_9)
DA:6,16
DA:7,16
DA:9,16
DA:14,16
DA:20,16
DA:22,31
DA:23,31
DA:33,16
DA:37,16
DA:49,2
DA:53,2
DA:63,2
DA:68,2
DA:69,1
DA:71,1
DA:81,1
DA:85,1
LF:17
LH:17
BRDA:68,0,0,1
BRDA:68,0,1,1
BRF:2
BRH:2
end_of_record
TN:
SF:src/services/db/db.service.ts
FN:19,(anonymous_11)
FN:26,(anonymous_12)
FN:87,(anonymous_13)
FN:116,(anonymous_14)
FN:127,(anonymous_15)
FN:142,(anonymous_16)
FN:170,(anonymous_17)
FN:177,(anonymous_18)
FN:203,(anonymous_19)
FN:224,(anonymous_20)
FN:253,(anonymous_21)
FN:260,(anonymous_22)
FN:269,(anonymous_23)
FN:282,(anonymous_24)
FN:290,(anonymous_25)
FN:294,(anonymous_26)
FN:296,(anonymous_27)
FN:311,(anonymous_28)
FN:322,(anonymous_29)
FN:325,(anonymous_30)
FN:338,(anonymous_31)
FN:347,(anonymous_32)
FN:348,(anonymous_33)
FN:363,(anonymous_34)
FN:372,(anonymous_35)
FN:394,(anonymous_36)
FN:398,(anonymous_37)
FN:401,(anonymous_38)
FN:415,(anonymous_39)
FN:429,(anonymous_40)
FN:433,(anonymous_41)
FN:448,(anonymous_42)
FN:465,(anonymous_43)
FN:485,(anonymous_44)
FN:496,(anonymous_45)
FN:513,(anonymous_46)
FN:535,(anonymous_47)
FN:543,(anonymous_48)
FN:560,(anonymous_49)
FN:568,(anonymous_50)
FN:572,(anonymous_51)
FN:589,(anonymous_52)
FN:598,(anonymous_53)
FN:613,(anonymous_54)
FN:625,(anonymous_55)
FN:632,(anonymous_56)
FN:645,(anonymous_57)
FN:88,(anonymous_58)
FN:90,(anonymous_59)
FN:92,(anonymous_60)
FN:94,(anonymous_61)
FNF:51
FNH:31
FNDA:602,(anonymous_11)
FNDA:427,(anonymous_12)
FNDA:31,(anonymous_13)
FNDA:0,(anonymous_14)
FNDA:1456,(anonymous_15)
FNDA:1456,(anonymous_16)
FNDA:0,(anonymous_17)
FNDA:0,(anonymous_18)
FNDA:0,(anonymous_19)
FNDA:0,(anonymous_20)
FNDA:0,(anonymous_21)
FNDA:0,(anonymous_22)
FNDA:0,(anonymous_23)
FNDA:0,(anonymous_24)
FNDA:0,(anonymous_25)
FNDA:0,(anonymous_26)
FNDA:0,(anonymous_27)
FNDA:0,(anonymous_28)
FNDA:0,(anonymous_29)
FNDA:0,(anonymous_30)
FNDA:0,(anonymous_31)
FNDA:0,(anonymous_32)
FNDA:0,(anonymous_33)
FNDA:0,(anonymous_34)
FNDA:0,(anonymous_35)
FNDA:104,(anonymous_36)
FNDA:368,(anonymous_37)
FNDA:368,(anonymous_38)
FNDA:460,(anonymous_39)
FNDA:619,(anonymous_40)
FNDA:631,(anonymous_41)
FNDA:6,(anonymous_42)
FNDA:13,(anonymous_43)
FNDA:48,(anonymous_44)
FNDA:48,(anonymous_45)
FNDA:4,(anonymous_46)
FNDA:35,(anonymous_47)
FNDA:42,(anonymous_48)
FNDA:5,(anonymous_49)
FNDA:5,(anonymous_50)
FNDA:5,(anonymous_51)
FNDA:1,(anonymous_52)
FNDA:1,(anonymous_53)
FNDA:86,(anonymous_54)
FNDA:18,(anonymous_55)
FNDA:32,(anonymous_56)
FNDA:2,(anonymous_57)
FNDA:31,(anonymous_58)
FNDA:31,(anonymous_59)
FNDA:31,(anonymous_60)
FNDA:31,(anonymous_61)
DA:6,16
DA:7,16
DA:8,16
DA:9,16
DA:10,16
DA:11,16
DA:12,16
DA:13,16
DA:14,16
DA:19,16
DA:20,602
DA:26,427
DA:60,16
DA:62,31
DA:63,31
DA:64,31
DA:65,31
DA:68,31
DA:69,31
DA:88,31
DA:89,31
DA:90,31
DA:91,31
DA:92,31
DA:93,31
DA:94,31
DA:95,31
DA:97,31
DA:103,31
DA:104,0
DA:117,0
DA:118,0
DA:128,1456
DA:129,1456
DA:130,1887
DA:132,1456
DA:146,1456
DA:148,1456
DA:150,1456
DA:151,1456
DA:152,1456
DA:153,1456
DA:155,0
DA:156,0
DA:158,0
DA:159,0
DA:174,0
DA:175,0
DA:177,0
DA:179,0
DA:180,0
DA:181,0
DA:182,0
DA:184,0
DA:185,0
DA:187,0
DA:188,0
DA:192,0
DA:208,0
DA:209,0
DA:210,0
DA:211,0
DA:212,0
DA:213,0
DA:229,0
DA:231,0
DA:232,0
DA:233,0
DA:236,0
DA:237,0
DA:238,0
DA:239,0
DA:242,0
DA:258,0
DA:259,0
DA:260,0
DA:261,0
DA:263,0
DA:270,0
DA:271,0
DA:272,0
DA:286,0
DA:288,0
DA:289,0
DA:290,0
DA:292,0
DA:295,0
DA:296,0
DA:301,0
DA:302,0
DA:312,0
DA:314,0
DA:315,0
DA:318,0
DA:320,0
DA:321,0
DA:322,0
DA:324,0
DA:325,0
DA:328,0
DA:329,0
DA:330,0
DA:339,0
DA:340,0
DA:341,0
DA:348,0
DA:350,0
DA:351,0
DA:352,0
DA:353,0
DA:354,0
DA:357,0
DA:358,0
DA:362,0
DA:363,0
DA:364,0
DA:373,0
DA:379,0
DA:381,0
DA:382,0
DA:385,0
DA:395,104
DA:398,368
DA:401,368
DA:403,104
DA:405,104
DA:406,104
DA:416,460
DA:417,460
DA:419,460
DA:420,460
DA:430,619
DA:433,631
DA:435,619
DA:437,619
DA:438,619
DA:453,6
DA:455,6
DA:456,6
DA:469,13
DA:472,13
DA:474,13
DA:475,13
DA:490,48
DA:493,48
DA:496,48
DA:499,48
DA:501,48
DA:502,48
DA:519,4
DA:522,4
DA:524,4
DA:525,4
DA:540,35
DA:543,42
DA:547,35
DA:549,35
DA:550,35
DA:565,5
DA:568,5
DA:572,5
DA:575,5
DA:577,5
DA:578,5
DA:595,1
DA:598,1
DA:602,1
DA:604,1
DA:605,1
DA:614,86
DA:615,86
DA:617,86
DA:629,18
DA:632,32
DA:634,18
DA:636,18
DA:650,2
DA:652,2
LF:178
LH:96
BRDA:66,0,0,0
BRDA:66,0,1,31
BRDA:103,1,0,0
BRDA:103,1,1,31
BRDA:144,2,0,16
BRDA:155,3,0,0
BRDA:155,3,1,0
BRDA:172,4,0,0
BRDA:181,5,0,0
BRDA:181,5,1,0
BRDA:184,6,0,0
BRDA:184,6,1,0
BRDA:205,7,0,0
BRDA:206,8,0,0
BRDA:208,9,0,0
BRDA:208,9,1,0
BRDA:209,10,0,0
BRDA:209,10,1,0
BRDA:226,11,0,0
BRDA:227,12,0,0
BRDA:232,13,0,0
BRDA:232,13,1,0
BRDA:234,14,0,0
BRDA:234,14,1,0
BRDA:238,15,0,0
BRDA:238,15,1,0
BRDA:255,16,0,0
BRDA:256,17,0,0
BRDA:258,18,0,0
BRDA:258,18,1,0
BRDA:259,19,0,0
BRDA:259,19,1,0
BRDA:270,20,0,0
BRDA:270,20,1,0
BRDA:288,21,0,0
BRDA:288,21,1,0
BRDA:314,22,0,0
BRDA:314,22,1,0
BRDA:347,23,0,0
BRDA:350,24,0,0
BRDA:350,24,1,0
BRDA:350,25,0,0
BRDA:350,25,1,0
BRDA:350,26,0,0
BRDA:350,26,1,0
BRDA:357,27,0,0
BRDA:357,27,1,0
BRDA:357,28,0,0
BRDA:357,28,1,0
BRDA:357,29,0,0
BRDA:357,29,1,0
BRDA:451,30,0,0
BRDA:470,31,0,12
BRDA:470,31,1,1
BRDA:491,32,0,43
BRDA:491,32,1,5
BRDA:517,33,0,0
BRDA:520,34,0,4
BRDA:520,34,1,0
BRDA:593,35,0,0
BRDA:648,36,0,1
BRF:61
BRH:9
end_of_record
TN:
SF:src/services/department/department.service.ts
FN:21,(anonymous_4)
FN:32,(anonymous_5)
FN:46,(anonymous_6)
FN:62,(anonymous_7)
FN:80,(anonymous_8)
FN:22,(anonymous_9)
FNF:6
FNH:6
FNDA:31,(anonymous_4)
FNDA:32,(anonymous_5)
FNDA:2,(anonymous_6)
FNDA:2,(anonymous_7)
FNDA:1,(anonymous_8)
FNDA:31,(anonymous_9)
DA:6,16
DA:7,16
DA:9,16
DA:14,16
DA:20,16
DA:22,31
DA:23,31
DA:33,32
DA:37,32
DA:49,2
DA:53,2
DA:63,2
DA:68,2
DA:69,1
DA:71,1
DA:81,1
DA:85,1
LF:17
LH:17
BRDA:68,0,0,1
BRDA:68,0,1,1
BRF:2
BRH:2
end_of_record
TN:
SF:src/services/feedback/feedback.service.ts
FN:23,(anonymous_4)
FN:39,(anonymous_5)
FN:77,(anonymous_6)
FN:91,(anonymous_7)
FN:110,(anonymous_8)
FN:123,(anonymous_9)
FN:135,(anonymous_10)
FN:24,(anonymous_11)
FN:26,(anonymous_12)
FN:28,(anonymous_13)
FNF:10
FNH:10
FNDA:31,(anonymous_4)
FNDA:6,(anonymous_5)
FNDA:2,(anonymous_6)
FNDA:2,(anonymous_7)
FNDA:7,(anonymous_8)
FNDA:2,(anonymous_9)
FNDA:3,(anonymous_10)
FNDA:31,(anonymous_11)
FNDA:31,(anonymous_12)
FNDA:31,(anonymous_13)
DA:6,16
DA:7,16
DA:8,16
DA:9,16
DA:11,16
DA:16,16
DA:22,16
DA:24,31
DA:25,31
DA:26,31
DA:27,31
DA:28,31
DA:29,31
DA:43,6
DA:47,6
DA:49,6
DA:50,5
DA:52,5
DA:53,4
DA:54,3
DA:59,1
DA:64,1
DA:67,1
DA:78,2
DA:82,2
DA:92,2
DA:97,2
DA:98,1
DA:100,1
DA:113,7
DA:124,2
DA:136,3
LF:32
LH:32
BRDA:49,0,0,5
BRDA:49,0,1,1
BRDA:52,1,0,4
BRDA:52,1,1,1
BRDA:53,2,0,3
BRDA:53,2,1,1
BRDA:53,3,0,4
BRDA:53,3,1,3
BRDA:97,4,0,1
BRDA:97,4,1,1
BRF:10
BRH:10
end_of_record
TN:
SF:src/services/image/image.service.ts
FN:23,(anonymous_4)
FN:36,(anonymous_5)
FN:58,(anonymous_6)
FN:72,(anonymous_7)
FN:92,(anonymous_8)
FN:122,(anonymous_9)
FN:134,(anonymous_10)
FN:139,(anonymous_11)
FN:140,(anonymous_12)
FN:146,(anonymous_13)
FN:161,(anonymous_14)
FN:166,(anonymous_15)
FN:167,(anonymous_16)
FN:174,(anonymous_17)
FN:181,(anonymous_18)
FN:198,(anonymous_19)
FN:231,(anonymous_20)
FN:24,(anonymous_21)
FN:26,(anonymous_22)
FNF:19
FNH:10
FNDA:31,(anonymous_4)
FNDA:15,(anonymous_5)
FNDA:6,(anonymous_6)
FNDA:9,(anonymous_7)
FNDA:5,(anonymous_8)
FNDA:14,(anonymous_9)
FNDA:0,(anonymous_10)
FNDA:0,(anonymous_11)
FNDA:0,(anonymous_12)
FNDA:0,(anonymous_13)
FNDA:0,(anonymous_14)
FNDA:0,(anonymous_15)
FNDA:0,(anonymous_16)
FNDA:0,(anonymous_17)
FNDA:0,(anonymous_18)
FNDA:20,(anonymous_19)
FNDA:20,(anonymous_20)
FNDA:31,(anonymous_21)
FNDA:31,(anonymous_22)
DA:6,16
DA:7,16
DA:8,16
DA:10,16
DA:11,16
DA:16,16
DA:22,16
DA:24,31
DA:25,31
DA:26,31
DA:27,31
DA:37,15
DA:39,15
DA:43,15
DA:44,14
DA:48,1
DA:59,6
DA:63,6
DA:73,9
DA:78,9
DA:79,5
DA:81,4
DA:96,5
DA:98,5
DA:102,5
DA:103,4
DA:105,4
DA:106,3
DA:110,1
DA:113,1
DA:123,14
DA:139,0
DA:140,0
DA:141,0
DA:142,0
DA:147,0
DA:166,0
DA:167,0
DA:168,0
DA:169,0
DA:170,0
DA:171,0
DA:175,0
DA:178,0
DA:182,0
DA:206,20
DA:207,20
DA:209,0
DA:211,0
DA:212,0
DA:214,0
DA:216,0
DA:217,0
DA:220,0
DA:232,20
DA:236,20
DA:237,20
DA:238,20
LF:58
LH:37
BRDA:43,0,0,14
BRDA:43,0,1,1
BRDA:78,1,0,5
BRDA:78,1,1,4
BRDA:102,2,0,4
BRDA:102,2,1,1
BRDA:105,3,0,3
BRDA:105,3,1,1
BRDA:137,4,0,0
BRDA:163,5,0,0
BRDA:164,6,0,0
BRDA:170,7,0,0
BRDA:170,7,1,0
BRDA:201,8,0,20
BRDA:202,9,0,20
BRDA:203,10,0,20
BRDA:204,11,0,20
BRDA:206,12,0,20
BRDA:206,12,1,0
BRDA:211,13,0,0
BRDA:211,13,1,0
BRF:21
BRH:13
end_of_record
TN:
SF:src/services/message/message.service.ts
FN:23,(anonymous_4)
FN:40,(anonymous_5)
FN:81,(anonymous_6)
FN:95,(anonymous_7)
FN:114,(anonymous_8)
FN:150,(anonymous_9)
FN:175,(anonymous_10)
FN:207,(anonymous_11)
FN:238,(anonymous_12)
FN:245,(anonymous_13)
FN:24,(anonymous_14)
FN:26,(anonymous_15)
FN:28,(anonymous_16)
FNF:13
FNH:13
FNDA:31,(anonymous_4)
FNDA:9,(anonymous_5)
FNDA:2,(anonymous_6)
FNDA:12,(anonymous_7)
FNDA:7,(anonymous_8)
FNDA:5,(anonymous_9)
FNDA:3,(anonymous_10)
FNDA:2,(anonymous_11)
FNDA:6,(anonymous_12)
FNDA:9,(anonymous_13)
FNDA:31,(anonymous_14)
FNDA:31,(anonymous_15)
FNDA:31,(anonymous_16)
DA:6,16
DA:7,16
DA:8,16
DA:9,16
DA:11,16
DA:16,16
DA:22,16
DA:24,31
DA:25,31
DA:26,31
DA:27,31
DA:28,31
DA:29,31
DA:46,9
DA:50,9
DA:51,9
DA:53,9
DA:54,7
DA:55,6
DA:63,6
DA:64,6
DA:66,1
DA:71,2
DA:82,2
DA:86,2
DA:96,12
DA:101,12
DA:102,9
DA:104,3
DA:115,7
DA:117,7
DA:118,6
DA:136,6
DA:137,6
DA:139,1
DA:154,5
DA:155,5
DA:157,5
DA:158,3
DA:165,2
DA:176,3
DA:178,2
DA:190,2
DA:196,2
DA:198,2
DA:208,2
DA:210,1
DA:222,1
DA:228,1
DA:230,1
DA:239,6
DA:249,9
DA:253,9
DA:254,9
DA:256,9
DA:257,7
DA:267,7
DA:268,7
DA:270,2
LF:59
LH:59
BRDA:53,0,0,7
BRDA:53,0,1,2
BRDA:53,1,0,9
BRDA:53,1,1,8
BRDA:54,2,0,6
BRDA:54,2,1,1
BRDA:54,3,0,7
BRDA:54,3,1,6
BRDA:101,4,0,9
BRDA:101,4,1,3
BRDA:117,5,0,6
BRDA:117,5,1,1
BRDA:157,6,0,3
BRDA:157,6,1,2
BRDA:157,7,0,5
BRDA:157,7,1,4
BRDA:256,8,0,7
BRDA:256,8,1,2
BRDA:256,9,0,9
BRDA:256,9,1,8
BRF:20
BRH:20
end_of_record
TN:
SF:src/services/password-reset/password-reset.service.ts
FN:24,(anonymous_4)
FN:39,(anonymous_5)
FN:64,(anonymous_6)
FN:78,(anonymous_7)
FN:92,(anonymous_8)
FN:113,(anonymous_9)
FN:135,(anonymous_10)
FN:148,(anonymous_11)
FN:172,(anonymous_12)
FN:182,(anonymous_13)
FN:220,(anonymous_14)
FN:25,(anonymous_15)
FN:27,(anonymous_16)
FN:29,(anonymous_17)
FNF:14
FNH:14
FNDA:31,(anonymous_4)
FNDA:5,(anonymous_5)
FNDA:5,(anonymous_6)
FNDA:5,(anonymous_7)
FNDA:3,(anonymous_8)
FNDA:4,(anonymous_9)
FNDA:1,(anonymous_10)
FNDA:3,(anonymous_11)
FNDA:4,(anonymous_12)
FNDA:3,(anonymous_13)
FNDA:1,(anonymous_14)
FNDA:31,(anonymous_15)
FNDA:31,(anonymous_16)
FNDA:31,(anonymous_17)
DA:6,16
DA:7,16
DA:8,16
DA:9,16
DA:12,16
DA:17,16
DA:23,16
DA:25,31
DA:26,31
DA:27,31
DA:28,31
DA:29,31
DA:30,31
DA:40,5
DA:42,5
DA:43,4
DA:47,4
DA:48,3
DA:52,1
DA:55,1
DA:65,5
DA:69,5
DA:79,5
DA:83,5
DA:95,3
DA:100,3
DA:101,2
DA:103,1
DA:116,4
DA:121,4
DA:122,3
DA:124,1
DA:136,1
DA:151,3
DA:155,3
DA:156,3
DA:158,3
DA:159,2
DA:161,1
DA:173,4
DA:187,3
DA:191,3
DA:195,3
DA:199,2
DA:203,2
DA:204,1
DA:205,1
DA:206,1
DA:208,1
DA:211,1
DA:221,1
DA:225,1
DA:226,1
LF:53
LH:53
BRDA:42,0,0,4
BRDA:42,0,1,1
BRDA:47,1,0,3
BRDA:47,1,1,1
BRDA:100,2,0,2
BRDA:100,2,1,1
BRDA:121,3,0,3
BRDA:121,3,1,1
BRDA:158,4,0,2
BRDA:158,4,1,1
BRDA:195,5,0,2
BRDA:195,5,1,1
BRDA:196,6,0,3
BRDA:196,6,1,2
BRDA:203,7,0,1
BRDA:203,7,1,1
BRF:16
BRH:16
end_of_record
TN:
SF:src/services/referral/referral.service.ts
FN:23,(anonymous_4)
FN:39,(anonymous_5)
FN:72,(anonymous_6)
FN:90,(anonymous_7)
FN:110,(anonymous_8)
FN:131,(anonymous_9)
FN:142,(anonymous_10)
FN:24,(anonymous_11)
FN:26,(anonymous_12)
FN:28,(anonymous_13)
FNF:10
FNH:10
FNDA:31,(anonymous_4)
FNDA:7,(anonymous_5)
FNDA:13,(anonymous_6)
FNDA:14,(anonymous_7)
FNDA:4,(anonymous_8)
FNDA:2,(anonymous_9)
FNDA:1,(anonymous_10)
FNDA:31,(anonymous_11)
FNDA:31,(anonymous_12)
FNDA:31,(anonymous_13)
DA:6,16
DA:7,16
DA:8,16
DA:9,16
DA:11,16
DA:16,16
DA:22,16
DA:24,31
DA:25,31
DA:26,31
DA:27,31
DA:28,31
DA:29,31
DA:43,7
DA:44,7
DA:46,7
DA:47,6
DA:49,6
DA:50,5
DA:51,4
DA:56,1
DA:59,1
DA:62,1
DA:73,13
DA:75,13
DA:76,12
DA:80,1
DA:91,14
DA:93,14
DA:94,13
DA:100,1
DA:111,4
DA:115,4
DA:117,4
DA:118,3
DA:120,3
DA:122,1
DA:132,2
DA:143,1
LF:39
LH:39
BRDA:46,0,0,6
BRDA:46,0,1,1
BRDA:46,1,0,7
BRDA:46,1,1,6
BRDA:49,2,0,5
BRDA:49,2,1,1
BRDA:50,3,0,4
BRDA:50,3,1,1
BRDA:75,4,0,12
BRDA:75,4,1,1
BRDA:93,5,0,13
BRDA:93,5,1,1
BRDA:117,6,0,3
BRDA:117,6,1,1
BRF:14
BRH:14
end_of_record
TN:
SF:src/services/report/report.service.ts
FN:25,(anonymous_4)
FN:44,(anonymous_5)
FN:85,(anonymous_6)
FN:99,(anonymous_7)
FN:117,(anonymous_8)
FN:131,(anonymous_9)
FN:149,(anonymous_10)
FN:171,(anonymous_11)
FN:190,(anonymous_12)
FN:206,(anonymous_13)
FN:230,(anonymous_14)
FN:245,(anonymous_15)
FN:254,(anonymous_16)
FN:26,(anonymous_17)
FN:28,(anonymous_18)
FN:30,(anonymous_19)
FN:32,(anonymous_20)
FNF:17
FNH:17
FNDA:31,(anonymous_4)
FNDA:6,(anonymous_5)
FNDA:2,(anonymous_6)
FNDA:3,(anonymous_7)
FNDA:3,(anonymous_8)
FNDA:3,(anonymous_9)
FNDA:2,(anonymous_10)
FNDA:3,(anonymous_11)
FNDA:4,(anonymous_12)
FNDA:4,(anonymous_13)
FNDA:3,(anonymous_14)
FNDA:2,(anonymous_15)
FNDA:1,(anonymous_16)
FNDA:31,(anonymous_17)
FNDA:31,(anonymous_18)
FNDA:31,(anonymous_19)
FNDA:31,(anonymous_20)
DA:6,16
DA:7,16
DA:8,16
DA:9,16
DA:10,16
DA:13,16
DA:18,16
DA:24,16
DA:26,31
DA:27,31
DA:28,31
DA:29,31
DA:30,31
DA:31,31
DA:32,31
DA:33,31
DA:50,6
DA:54,6
DA:56,6
DA:57,5
DA:59,5
DA:60,4
DA:61,3
DA:67,1
DA:72,1
DA:75,1
DA:86,2
DA:90,2
DA:100,3
DA:105,3
DA:106,2
DA:108,1
DA:118,3
DA:135,3
DA:139,3
DA:153,2
DA:158,2
DA:159,1
DA:161,1
DA:172,3
DA:176,3
DA:181,3
DA:191,4
DA:193,4
DA:194,3
DA:196,1
DA:207,4
DA:209,4
DA:210,3
DA:217,3
DA:218,3
DA:220,1
DA:231,3
DA:233,3
DA:234,2
DA:236,1
DA:246,2
DA:255,1
DA:257,1
LF:59
LH:59
BRDA:56,0,0,5
BRDA:56,0,1,1
BRDA:59,1,0,4
BRDA:59,1,1,1
BRDA:60,2,0,3
BRDA:60,2,1,1
BRDA:60,3,0,4
BRDA:60,3,1,3
BRDA:105,4,0,2
BRDA:105,4,1,1
BRDA:158,5,0,1
BRDA:158,5,1,1
BRDA:193,6,0,3
BRDA:193,6,1,1
BRDA:209,7,0,3
BRDA:209,7,1,1
BRDA:233,8,0,2
BRDA:233,8,1,1
BRF:18
BRH:18
end_of_record
TN:
SF:src/services/resource/resource.service.ts
FN:21,(anonymous_4)
FN:32,(anonymous_5)
FN:45,(anonymous_6)
FN:92,(anonymous_7)
FN:150,(anonymous_8)
FN:157,(anonymous_9)
FN:22,(anonymous_10)
FNF:7
FNH:7
FNDA:31,(anonymous_4)
FNDA:2,(anonymous_5)
FNDA:501,(anonymous_6)
FNDA:7,(anonymous_7)
FNDA:1,(anonymous_8)
FNDA:23,(anonymous_9)
FNDA:31,(anonymous_10)
DA:6,16
DA:7,16
DA:9,16
DA:14,16
DA:20,16
DA:22,31
DA:23,31
DA:33,2
DA:36,2
DA:48,501
DA:53,501
DA:54,500
DA:56,0
DA:58,0
DA:60,0
DA:62,0
DA:66,498
DA:68,498
DA:69,498
DA:71,0
DA:75,2
DA:78,0
DA:81,1
DA:96,7
DA:101,7
DA:102,6
DA:104,0
DA:109,0
DA:113,4
DA:115,4
DA:116,2
DA:120,4
DA:126,4
DA:128,0
DA:133,2
DA:138,2
DA:141,1
DA:153,1
DA:157,1
DA:158,23
DA:160,0
DA:161,0
DA:163,22
DA:164,22
DA:166,1
DA:167,1
DA:170,23
LF:47
LH:36
BRDA:53,0,0,500
BRDA:53,0,1,1
BRDA:55,1,0,0
BRDA:55,1,1,498
BRDA:55,1,2,2
BRDA:55,1,3,0
BRDA:57,2,0,0
BRDA:57,2,1,0
BRDA:57,2,2,0
BRDA:68,3,0,498
BRDA:68,3,1,0
BRDA:101,4,0,6
BRDA:101,4,1,1
BRDA:103,5,0,0
BRDA:103,5,1,4
BRDA:104,6,0,0
BRDA:104,6,1,0
BRDA:105,7,0,0
BRDA:105,7,1,0
BRDA:105,7,2,0
BRDA:115,8,0,2
BRDA:115,8,1,2
BRDA:115,9,0,4
BRDA:115,9,1,2
BRDA:127,10,0,0
BRDA:127,10,1,2
BRDA:127,10,2,2
BRDA:130,11,0,0
BRDA:130,11,1,0
BRDA:159,12,0,0
BRDA:159,12,1,22
BRDA:159,12,2,1
BRDA:160,13,0,0
BRDA:160,13,1,0
BRF:34
BRH:16
end_of_record
TN:
SF:src/services/search-sort/search-sort.service.ts
FN:21,(anonymous_4)
FN:32,(anonymous_5)
FN:46,(anonymous_6)
FN:62,(anonymous_7)
FN:22,(anonymous_8)
FNF:5
FNH:5
FNDA:31,(anonymous_4)
FNDA:8,(anonymous_5)
FNDA:7,(anonymous_6)
FNDA:1,(anonymous_7)
FNDA:31,(anonymous_8)
DA:6,16
DA:7,16
DA:9,16
DA:14,16
DA:20,16
DA:22,31
DA:23,31
DA:33,8
DA:37,8
DA:47,7
DA:52,7
DA:53,6
DA:55,1
DA:63,1
LF:14
LH:14
BRDA:52,0,0,6
BRDA:52,0,1,1
BRF:2
BRH:2
end_of_record
TN:
SF:src/services/session/session.service.ts
FN:24,(anonymous_4)
FN:39,(anonymous_5)
FN:59,(anonymous_6)
FN:73,(anonymous_7)
FN:92,(anonymous_8)
FN:113,(anonymous_9)
FN:132,(anonymous_10)
FN:141,(anonymous_11)
FN:150,(anonymous_12)
FN:25,(anonymous_13)
FN:27,(anonymous_14)
FN:29,(anonymous_15)
FNF:12
FNH:12
FNDA:31,(anonymous_4)
FNDA:5,(anonymous_5)
FNDA:2,(anonymous_6)
FNDA:2,(anonymous_7)
FNDA:2,(anonymous_8)
FNDA:3,(anonymous_9)
FNDA:1,(anonymous_10)
FNDA:1,(anonymous_11)
FNDA:5,(anonymous_12)
FNDA:31,(anonymous_13)
FNDA:31,(anonymous_14)
FNDA:31,(anonymous_15)
DA:6,16
DA:7,16
DA:8,16
DA:9,16
DA:12,16
DA:17,16
DA:23,16
DA:25,31
DA:26,31
DA:27,31
DA:28,31
DA:29,31
DA:30,31
DA:40,5
DA:42,5
DA:43,4
DA:46,4
DA:47,4
DA:49,1
DA:60,2
DA:64,2
DA:74,2
DA:79,2
DA:80,1
DA:82,1
DA:93,2
DA:97,2
DA:98,2
DA:100,2
DA:101,1
DA:103,1
DA:114,3
DA:116,3
DA:117,2
DA:123,1
DA:133,1
DA:142,1
DA:151,5
DA:153,5
DA:154,4
DA:158,4
DA:168,4
DA:169,4
DA:171,1
LF:44
LH:44
BRDA:42,0,0,4
BRDA:42,0,1,1
BRDA:79,1,0,1
BRDA:79,1,1,1
BRDA:100,2,0,1
BRDA:100,2,1,1
BRDA:116,3,0,2
BRDA:116,3,1,1
BRDA:153,4,0,4
BRDA:153,4,1,1
BRF:10
BRH:10
end_of_record
TN:
SF:src/services/user/user.service.ts
FN:29,(anonymous_4)
FN:49,(anonymous_5)
FN:132,(anonymous_6)
FN:142,(anonymous_7)
FN:155,(anonymous_8)
FN:171,(anonymous_9)
FN:189,(anonymous_10)
FN:210,(anonymous_11)
FN:252,(anonymous_12)
FN:271,(anonymous_13)
FN:296,(anonymous_14)
FN:317,(anonymous_15)
FN:332,(anonymous_16)
FN:347,(anonymous_17)
FN:361,(anonymous_18)
FN:392,(anonymous_19)
FN:424,(anonymous_20)
FN:432,(anonymous_21)
FN:448,(anonymous_22)
FN:463,(anonymous_23)
FN:30,(anonymous_24)
FN:32,(anonymous_25)
FN:34,(anonymous_26)
FN:36,(anonymous_27)
FNF:24
FNH:24
FNDA:31,(anonymous_4)
FNDA:47,(anonymous_5)
FNDA:213,(anonymous_6)
FNDA:49,(anonymous_7)
FNDA:77,(anonymous_8)
FNDA:7,(anonymous_9)
FNDA:24,(anonymous_10)
FNDA:4,(anonymous_11)
FNDA:7,(anonymous_12)
FNDA:2,(anonymous_13)
FNDA:41,(anonymous_14)
FNDA:13,(anonymous_15)
FNDA:3,(anonymous_16)
FNDA:3,(anonymous_17)
FNDA:8,(anonymous_18)
FNDA:6,(anonymous_19)
FNDA:40,(anonymous_20)
FNDA:1,(anonymous_21)
FNDA:42,(anonymous_22)
FNDA:5,(anonymous_23)
FNDA:31,(anonymous_24)
FNDA:31,(anonymous_25)
FNDA:31,(anonymous_26)
FNDA:31,(anonymous_27)
DA:6,16
DA:7,16
DA:8,16
DA:9,16
DA:10,16
DA:11,16
DA:12,16
DA:16,16
DA:17,16
DA:22,16
DA:28,16
DA:30,31
DA:31,31
DA:32,31
DA:33,31
DA:34,31
DA:35,31
DA:36,31
DA:37,31
DA:55,47
DA:58,47
DA:61,47
DA:65,47
DA:69,47
DA:73,47
DA:74,47
DA:76,47
DA:77,46
DA:78,45
DA:82,44
DA:83,43
DA:87,42
DA:89,42
DA:90,40
DA:92,40
DA:99,2
DA:102,1
DA:107,1
DA:110,1
DA:115,1
DA:120,1
DA:133,213
DA:134,213
DA:143,49
DA:146,49
DA:156,77
DA:158,77
DA:159,73
DA:161,4
DA:172,7
DA:176,7
DA:177,6
DA:179,1
DA:190,24
DA:192,24
DA:193,23
DA:199,1
DA:215,4
DA:219,4
DA:223,4
DA:227,3
DA:229,3
DA:230,2
DA:232,2
DA:236,1
DA:239,1
DA:253,7
DA:255,7
DA:256,6
DA:260,1
DA:275,2
DA:277,2
DA:278,1
DA:280,1
DA:282,1
DA:284,1
DA:297,41
DA:299,41
DA:300,1
DA:302,1
DA:306,40
DA:318,13
DA:320,13
DA:333,3
DA:335,3
DA:348,3
DA:350,3
DA:362,8
DA:381,8
DA:382,8
DA:393,6
DA:395,6
DA:397,6
DA:398,5
DA:399,5
DA:404,5
DA:405,2
DA:406,2
DA:407,2
DA:409,2
DA:410,2
DA:412,3
DA:415,1
DA:425,40
DA:426,40
DA:433,1
DA:437,1
DA:438,1
DA:449,42
DA:453,42
DA:467,5
LF:111
LH:111
BRDA:76,0,0,46
BRDA:76,0,1,1
BRDA:76,1,0,47
BRDA:76,1,1,46
BRDA:77,2,0,45
BRDA:77,2,1,1
BRDA:77,3,0,46
BRDA:77,3,1,45
BRDA:78,4,0,44
BRDA:78,4,1,1
BRDA:79,5,0,45
BRDA:79,5,1,45
BRDA:82,6,0,43
BRDA:82,6,1,1
BRDA:83,7,0,42
BRDA:83,7,1,1
BRDA:84,8,0,43
BRDA:84,8,1,42
BRDA:89,9,0,40
BRDA:89,9,1,2
BRDA:158,10,0,73
BRDA:158,10,1,4
BRDA:176,11,0,6
BRDA:176,11,1,1
BRDA:192,12,0,23
BRDA:192,12,1,1
BRDA:223,13,0,3
BRDA:223,13,1,1
BRDA:224,14,0,4
BRDA:224,14,1,3
BRDA:229,15,0,2
BRDA:229,15,1,1
BRDA:252,16,0,7
BRDA:255,17,0,6
BRDA:255,17,1,1
BRDA:277,18,0,1
BRDA:277,18,1,1
BRDA:299,19,0,1
BRDA:299,19,1,40
BRDA:317,20,0,12
BRDA:332,21,0,2
BRDA:393,22,0,5
BRDA:393,22,1,1
BRDA:397,23,0,5
BRDA:397,23,1,1
BRDA:404,24,0,2
BRDA:404,24,1,3
BRDA:404,25,0,5
BRDA:404,25,1,3
BRF:49
BRH:49
end_of_record
TN:
SF:src/services/user-interest/user-interest.service.ts
FN:23,(anonymous_4)
FN:39,(anonymous_5)
FN:72,(anonymous_6)
FN:89,(anonymous_7)
FN:103,(anonymous_8)
FN:24,(anonymous_9)
FN:26,(anonymous_10)
FN:28,(anonymous_11)
FNF:8
FNH:8
FNDA:31,(anonymous_4)
FNDA:9,(anonymous_5)
FNDA:3,(anonymous_6)
FNDA:4,(anonymous_7)
FNDA:13,(anonymous_8)
FNDA:31,(anonymous_9)
FNDA:31,(anonymous_10)
FNDA:31,(anonymous_11)
DA:6,16
DA:7,16
DA:8,16
DA:9,16
DA:11,16
DA:16,16
DA:22,16
DA:24,31
DA:25,31
DA:26,31
DA:27,31
DA:28,31
DA:29,31
DA:43,9
DA:45,9
DA:46,8
DA:50,8
DA:51,7
DA:53,7
DA:58,1
DA:61,1
DA:76,3
DA:80,3
DA:90,4
DA:107,13
LF:25
LH:25
BRDA:45,0,0,8
BRDA:45,0,1,1
BRDA:50,1,0,7
BRDA:50,1,1,1
BRF:4
BRH:4
end_of_record
TN:
SF:src/services/verify/verify.service.ts
FN:24,(anonymous_4)
FN:39,(anonymous_5)
FN:61,(anonymous_6)
FN:75,(anonymous_7)
FN:89,(anonymous_8)
FN:108,(anonymous_9)
FN:128,(anonymous_10)
FN:141,(anonymous_11)
FN:161,(anonymous_12)
FN:170,(anonymous_13)
FN:194,(anonymous_14)
FN:209,(anonymous_15)
FN:25,(anonymous_16)
FN:27,(anonymous_17)
FN:29,(anonymous_18)
FNF:15
FNH:15
FNDA:31,(anonymous_4)
FNDA:5,(anonymous_5)
FNDA:7,(anonymous_6)
FNDA:5,(anonymous_7)
FNDA:4,(anonymous_8)
FNDA:4,(anonymous_9)
FNDA:1,(anonymous_10)
FNDA:4,(anonymous_11)
FNDA:4,(anonymous_12)
FNDA:2,(anonymous_13)
FNDA:2,(anonymous_14)
FNDA:1,(anonymous_15)
FNDA:31,(anonymous_16)
FNDA:31,(anonymous_17)
FNDA:31,(anonymous_18)
DA:6,16
DA:7,16
DA:8,16
DA:9,16
DA:12,16
DA:17,16
DA:23,16
DA:25,31
DA:26,31
DA:27,31
DA:28,31
DA:29,31
DA:30,31
DA:40,5
DA:42,5
DA:43,4
DA:45,4
DA:46,3
DA:48,1
DA:51,1
DA:62,7
DA:66,7
DA:76,5
DA:80,5
DA:90,4
DA:95,4
DA:96,3
DA:98,1
DA:109,4
DA:114,4
DA:115,3
DA:117,1
DA:129,1
DA:142,4
DA:146,4
DA:147,4
DA:149,4
DA:150,3
DA:152,1
DA:162,4
DA:171,2
DA:173,2
DA:174,1
DA:175,1
DA:177,1
DA:178,1
DA:180,1
DA:181,1
DA:185,1
DA:195,2
DA:197,2
DA:198,1
DA:199,1
DA:200,1
DA:202,1
DA:210,1
DA:214,1
DA:215,1
LF:58
LH:58
BRDA:42,0,0,4
BRDA:42,0,1,1
BRDA:45,1,0,3
BRDA:45,1,1,1
BRDA:95,2,0,3
BRDA:95,2,1,1
BRDA:114,3,0,3
BRDA:114,3,1,1
BRDA:149,4,0,3
BRDA:149,4,1,1
BRDA:173,5,0,1
BRDA:173,5,1,1
BRDA:177,6,0,1
BRDA:177,6,1,0
BRDA:180,7,0,1
BRDA:180,7,1,0
BRDA:197,8,0,1
BRDA:197,8,1,1
BRF:18
BRH:16
end_of_record
